2020-01-25T19:29:34.015932Z 0 [Warning] TIMESTAMP with implicit DEFAULT value is deprecated. Please use --explicit_defaults_for_timestamp server option (see documentation for more details).
2020-01-25T19:29:34.020132Z 0 [Warning] 'NO_ZERO_DATE', 'NO_ZERO_IN_DATE' and 'ERROR_FOR_DIVISION_BY_ZERO' sql modes should be used with strict mode. They will be merged with strict mode in a future release.
2020-01-25T19:29:34.020132Z 0 [Warning] 'NO_AUTO_CREATE_USER' sql mode was not set.
2020-01-25T19:29:34.020132Z 0 [Warning] Insecure configuration for --secure-file-priv: Current value does not restrict location of generated files. Consider setting it to a valid, non-empty path.
2020-01-25T19:29:34.020132Z 0 [ERROR] Cannot open Windows EventLog; check privileges, or start server with --log_syslog=0
2020-01-25T19:29:34.020132Z 0 [Note] E:\Programation\UwAmp\bin\database\mysql-5.7.11\bin\mysqld.exe (mysqld 5.7.11) starting as process 7280 ...
2020-01-25T19:29:35.465828Z 0 [ERROR] Can't open shared library 'E:\Programation\UwAmp\bin\database\mysql-5.7.11\lib\plugin\keyring_file.dll' (errno: 126 The specified module could not be found.)
2020-01-25T19:29:35.469827Z 0 [ERROR] Couldn't load plugin named 'keyring_file' with soname 'keyring_file.dll'.
2020-01-25T19:29:35.567000Z 0 [Note] InnoDB: Mutexes and rw_locks use Windows interlocked functions
2020-01-25T19:29:35.567000Z 0 [Note] InnoDB: Uses event mutexes
2020-01-25T19:29:35.567000Z 0 [Note] InnoDB: Memory barrier is not used
2020-01-25T19:29:35.570998Z 0 [Note] InnoDB: Compressed tables use zlib 1.2.3
2020-01-25T19:29:35.590993Z 0 [Note] InnoDB: Number of pools: 1
2020-01-25T19:29:35.630118Z 0 [Note] InnoDB: Not using CPU crc32 instructions
2020-01-25T19:29:35.698027Z 0 [Note] InnoDB: Initializing buffer pool, total size = 128M, instances = 1, chunk size = 128M
2020-01-25T19:29:35.709998Z 0 [Note] InnoDB: Completed initialization of buffer pool
2020-01-25T19:29:36.218173Z 0 [Note] InnoDB: Highest supported file format is Barracuda.
2020-01-25T19:29:36.286156Z 0 [Note] InnoDB: Log scan progressed past the checkpoint lsn 5340896
2020-01-25T19:29:36.286156Z 0 [Note] InnoDB: Doing recovery: scanned up to log sequence number 5340905
2020-01-25T19:29:36.298151Z 0 [Note] InnoDB: Doing recovery: scanned up to log sequence number 5340905
2020-01-25T19:29:36.298151Z 0 [Note] InnoDB: Database was not shutdown normally!
2020-01-25T19:29:36.298151Z 0 [Note] InnoDB: Starting crash recovery.
2020-01-25T19:29:49.931945Z 0 [Note] InnoDB: Removed temporary tablespace data file: "ibtmp1"
2020-01-25T19:29:49.931945Z 0 [Note] InnoDB: Creating shared tablespace for temporary tables
2020-01-25T19:29:49.943940Z 0 [Note] InnoDB: Setting file '.\ibtmp1' size to 12 MB. Physically writing the file full; Please wait ...
2020-01-25T19:29:53.463998Z 0 [Note] InnoDB: File '.\ibtmp1' size is now 12 MB.
2020-01-25T19:29:53.556285Z 0 [Note] InnoDB: 96 redo rollback segment(s) found. 96 redo rollback segment(s) are active.
2020-01-25T19:29:53.560284Z 0 [Note] InnoDB: 32 non-redo rollback segment(s) are active.
2020-01-25T19:29:53.560284Z 0 [Note] InnoDB: Waiting for purge to start
2020-01-25T19:29:53.613666Z 0 [Note] InnoDB: page_cleaner: 1000ms intended loop took 17900ms. The settings might not be optimal. (flushed=0 and evicted=0, during the time.)
2020-01-25T19:29:53.613666Z 0 [Note] InnoDB: 5.7.11 started; log sequence number 5340905
2020-01-25T19:29:53.617663Z 0 [Note] Plugin 'FEDERATED' is disabled.
2020-01-25T19:29:53.617663Z 0 [Note] InnoDB: Loading buffer pool(s) from E:\Programation\UwAmp\bin\database\mysql-5.7.11\data\ib_buffer_pool
2020-01-25T19:29:54.797367Z 0 [Warning] Failed to set up SSL because of the following SSL library error: SSL context is not usable without certificate and private key
2020-01-25T19:29:54.801366Z 0 [Note] Server hostname (bind-address): '*'; port: 3306
2020-01-25T19:29:54.801366Z 0 [Note] IPv6 is available.
2020-01-25T19:29:54.801366Z 0 [Note]   - '::' resolves to '::';
2020-01-25T19:29:54.801366Z 0 [Note] Server socket created on IP: '::'.
2020-01-25T19:29:54.945331Z 0 [Note] InnoDB: Buffer pool(s) load completed at 200125 11:29:54
2020-01-25T19:29:57.565622Z 0 [Note] Event Scheduler: Loaded 0 events
2020-01-25T19:29:57.565622Z 0 [Note] E:\Programation\UwAmp\bin\database\mysql-5.7.11\bin\mysqld.exe: ready for connections.
Version: '5.7.11'  socket: ''  port: 3306  MySQL Community Server (GPL)
2020-01-25T19:45:09.782469Z 2 [Note] Aborted connection 2 to db: 'db_system_gestion' user: 'root' host: 'localhost' (Got an error reading communication packets)
2020-01-25T19:45:38.538827Z 3 [Note] Aborted connection 3 to db: 'db_system_gestion' user: 'root' host: 'localhost' (Got an error reading communication packets)
