[Tue Aug 25 07:44:23.867424 2020] [ssl:warn] [pid 8228:tid 604] AH01906: main-serveur:443:0 server certificate is a CA certificate (BasicConstraints: CA == TRUE !?)
[Tue Aug 25 07:44:23.868424 2020] [ssl:warn] [pid 8228:tid 604] AH01909: main-serveur:443:0 server certificate does NOT include an ID which matches the server name
[Tue Aug 25 07:44:24.233541 2020] [ssl:warn] [pid 8228:tid 604] AH01873: Init: Session Cache is not configured [hint: SSLSessionCache]
[Tue Aug 25 07:44:24.234540 2020] [ssl:warn] [pid 8228:tid 604] AH01906: main-serveur:443:0 server certificate is a CA certificate (BasicConstraints: CA == TRUE !?)
[Tue Aug 25 07:44:24.234540 2020] [ssl:warn] [pid 8228:tid 604] AH01909: main-serveur:443:0 server certificate does NOT include an ID which matches the server name
[Tue Aug 25 07:44:24.498630 2020] [mpm_winnt:notice] [pid 8228:tid 604] AH00455: Apache/2.4.18 (Win32) OpenSSL/1.0.2f PHP/5.6.18 configured -- resuming normal operations
[Tue Aug 25 07:44:24.498630 2020] [mpm_winnt:notice] [pid 8228:tid 604] AH00456: Server built: Jan 28 2016 09:58:25
[Tue Aug 25 07:44:24.498630 2020] [core:notice] [pid 8228:tid 604] AH00094: Command line: 'D:\\WEB\\ks_lab\\db_server\\bin\\apache\\bin\\httpd.exe -d D:/WEB/ks_lab/db_server/bin/apache -f D:\\WEB\\ks_lab\\db_server\\bin\\apache\\conf\\httpd.conf'
[Tue Aug 25 07:44:24.507449 2020] [mpm_winnt:notice] [pid 8228:tid 604] AH00418: Parent: Created child process 7916
[Tue Aug 25 07:44:26.245433 2020] [ssl:warn] [pid 7916:tid 620] AH01906: main-serveur:443:0 server certificate is a CA certificate (BasicConstraints: CA == TRUE !?)
[Tue Aug 25 07:44:26.245433 2020] [ssl:warn] [pid 7916:tid 620] AH01909: main-serveur:443:0 server certificate does NOT include an ID which matches the server name
[Tue Aug 25 07:44:26.458417 2020] [ssl:warn] [pid 7916:tid 620] AH01873: Init: Session Cache is not configured [hint: SSLSessionCache]
[Tue Aug 25 07:44:26.458417 2020] [ssl:warn] [pid 7916:tid 620] AH01906: main-serveur:443:0 server certificate is a CA certificate (BasicConstraints: CA == TRUE !?)
[Tue Aug 25 07:44:26.458417 2020] [ssl:warn] [pid 7916:tid 620] AH01909: main-serveur:443:0 server certificate does NOT include an ID which matches the server name
[Tue Aug 25 07:44:26.496395 2020] [mpm_winnt:notice] [pid 7916:tid 620] AH00354: Child: Starting 64 worker threads.
[Tue Aug 25 08:13:04.344920 2020] [mpm_winnt:crit] [pid 7916:tid 620] AH02538: Child: Parent process exited abruptly. Child process is ending
[Tue Aug 25 08:14:57.049309 2020] [ssl:warn] [pid 1784:tid 604] AH01906: main-serveur:443:0 server certificate is a CA certificate (BasicConstraints: CA == TRUE !?)
[Tue Aug 25 08:14:57.049309 2020] [ssl:warn] [pid 1784:tid 604] AH01909: main-serveur:443:0 server certificate does NOT include an ID which matches the server name
[Tue Aug 25 08:14:57.166089 2020] [core:warn] [pid 1784:tid 604] AH00098: pid file D:/WEB/ks_lab/db_server/bin/apache/logs/httpd.pid overwritten -- Unclean shutdown of previous Apache run?
[Tue Aug 25 08:14:57.273837 2020] [ssl:warn] [pid 1784:tid 604] AH01873: Init: Session Cache is not configured [hint: SSLSessionCache]
[Tue Aug 25 08:14:57.274836 2020] [ssl:warn] [pid 1784:tid 604] AH01906: main-serveur:443:0 server certificate is a CA certificate (BasicConstraints: CA == TRUE !?)
[Tue Aug 25 08:14:57.274836 2020] [ssl:warn] [pid 1784:tid 604] AH01909: main-serveur:443:0 server certificate does NOT include an ID which matches the server name
[Tue Aug 25 08:14:57.552902 2020] [mpm_winnt:notice] [pid 1784:tid 604] AH00455: Apache/2.4.18 (Win32) OpenSSL/1.0.2f PHP/5.6.18 configured -- resuming normal operations
[Tue Aug 25 08:14:57.552902 2020] [mpm_winnt:notice] [pid 1784:tid 604] AH00456: Server built: Jan 28 2016 09:58:25
[Tue Aug 25 08:14:57.552902 2020] [core:notice] [pid 1784:tid 604] AH00094: Command line: 'D:\\WEB\\ks_lab\\db_server\\bin\\apache\\bin\\httpd.exe -d D:/WEB/ks_lab/db_server/bin/apache -f D:\\WEB\\ks_lab\\db_server\\bin\\apache\\conf\\httpd.conf'
[Tue Aug 25 08:14:57.561897 2020] [mpm_winnt:notice] [pid 1784:tid 604] AH00418: Parent: Created child process 12968
[Tue Aug 25 08:14:59.291071 2020] [ssl:warn] [pid 12968:tid 520] AH01906: main-serveur:443:0 server certificate is a CA certificate (BasicConstraints: CA == TRUE !?)
[Tue Aug 25 08:14:59.292070 2020] [ssl:warn] [pid 12968:tid 520] AH01909: main-serveur:443:0 server certificate does NOT include an ID which matches the server name
[Tue Aug 25 08:14:59.526032 2020] [ssl:warn] [pid 12968:tid 520] AH01873: Init: Session Cache is not configured [hint: SSLSessionCache]
[Tue Aug 25 08:14:59.527032 2020] [ssl:warn] [pid 12968:tid 520] AH01906: main-serveur:443:0 server certificate is a CA certificate (BasicConstraints: CA == TRUE !?)
[Tue Aug 25 08:14:59.527032 2020] [ssl:warn] [pid 12968:tid 520] AH01909: main-serveur:443:0 server certificate does NOT include an ID which matches the server name
[Tue Aug 25 08:14:59.563010 2020] [mpm_winnt:notice] [pid 12968:tid 520] AH00354: Child: Starting 64 worker threads.
[Tue Aug 25 08:34:02.623062 2020] [ssl:warn] [pid 10764:tid 608] AH01906: main-serveur:443:0 server certificate is a CA certificate (BasicConstraints: CA == TRUE !?)
[Tue Aug 25 08:34:02.623062 2020] [ssl:warn] [pid 10764:tid 608] AH01909: main-serveur:443:0 server certificate does NOT include an ID which matches the server name
[Tue Aug 25 08:34:02.725069 2020] [core:warn] [pid 10764:tid 608] AH00098: pid file D:/WEB/ks_lab/db_server/bin/apache/logs/httpd.pid overwritten -- Unclean shutdown of previous Apache run?
[Tue Aug 25 08:34:02.831001 2020] [ssl:warn] [pid 10764:tid 608] AH01873: Init: Session Cache is not configured [hint: SSLSessionCache]
[Tue Aug 25 08:34:02.832001 2020] [ssl:warn] [pid 10764:tid 608] AH01906: main-serveur:443:0 server certificate is a CA certificate (BasicConstraints: CA == TRUE !?)
[Tue Aug 25 08:34:02.832001 2020] [ssl:warn] [pid 10764:tid 608] AH01909: main-serveur:443:0 server certificate does NOT include an ID which matches the server name
[Tue Aug 25 08:34:02.863981 2020] [mpm_winnt:notice] [pid 10764:tid 608] AH00455: Apache/2.4.18 (Win32) OpenSSL/1.0.2f PHP/5.6.18 configured -- resuming normal operations
[Tue Aug 25 08:34:02.863981 2020] [mpm_winnt:notice] [pid 10764:tid 608] AH00456: Server built: Jan 28 2016 09:58:25
[Tue Aug 25 08:34:02.863981 2020] [core:notice] [pid 10764:tid 608] AH00094: Command line: 'D:\\WEB\\ks_lab\\db_server\\bin\\apache\\bin\\httpd.exe -d D:/WEB/ks_lab/db_server/bin/apache -f D:\\WEB\\ks_lab\\db_server\\bin\\apache\\conf\\httpd.conf'
[Tue Aug 25 08:34:02.873132 2020] [mpm_winnt:notice] [pid 10764:tid 608] AH00418: Parent: Created child process 7232
[Tue Aug 25 08:34:04.572391 2020] [ssl:warn] [pid 7232:tid 620] AH01906: main-serveur:443:0 server certificate is a CA certificate (BasicConstraints: CA == TRUE !?)
[Tue Aug 25 08:34:04.572391 2020] [ssl:warn] [pid 7232:tid 620] AH01909: main-serveur:443:0 server certificate does NOT include an ID which matches the server name
[Tue Aug 25 08:34:04.768546 2020] [ssl:warn] [pid 7232:tid 620] AH01873: Init: Session Cache is not configured [hint: SSLSessionCache]
[Tue Aug 25 08:34:04.769545 2020] [ssl:warn] [pid 7232:tid 620] AH01906: main-serveur:443:0 server certificate is a CA certificate (BasicConstraints: CA == TRUE !?)
[Tue Aug 25 08:34:04.769545 2020] [ssl:warn] [pid 7232:tid 620] AH01909: main-serveur:443:0 server certificate does NOT include an ID which matches the server name
[Tue Aug 25 08:34:04.808986 2020] [mpm_winnt:notice] [pid 7232:tid 620] AH00354: Child: Starting 64 worker threads.
[Tue Aug 25 08:35:03.521789 2020] [mpm_winnt:crit] [pid 7232:tid 620] AH02538: Child: Parent process exited abruptly. Child process is ending
[Tue Aug 25 08:35:13.263364 2020] [ssl:warn] [pid 11132:tid 600] AH01906: main-serveur:443:0 server certificate is a CA certificate (BasicConstraints: CA == TRUE !?)
[Tue Aug 25 08:35:13.264363 2020] [ssl:warn] [pid 11132:tid 600] AH01909: main-serveur:443:0 server certificate does NOT include an ID which matches the server name
[Tue Aug 25 08:35:13.393769 2020] [core:warn] [pid 11132:tid 600] AH00098: pid file D:/WEB/ks_lab/db_server/bin/apache/logs/httpd.pid overwritten -- Unclean shutdown of previous Apache run?
[Tue Aug 25 08:35:13.502337 2020] [ssl:warn] [pid 11132:tid 600] AH01873: Init: Session Cache is not configured [hint: SSLSessionCache]
[Tue Aug 25 08:35:13.503337 2020] [ssl:warn] [pid 11132:tid 600] AH01906: main-serveur:443:0 server certificate is a CA certificate (BasicConstraints: CA == TRUE !?)
[Tue Aug 25 08:35:13.503337 2020] [ssl:warn] [pid 11132:tid 600] AH01909: main-serveur:443:0 server certificate does NOT include an ID which matches the server name
[Tue Aug 25 08:35:13.532611 2020] [mpm_winnt:notice] [pid 11132:tid 600] AH00455: Apache/2.4.18 (Win32) OpenSSL/1.0.2f PHP/5.6.18 configured -- resuming normal operations
[Tue Aug 25 08:35:13.532611 2020] [mpm_winnt:notice] [pid 11132:tid 600] AH00456: Server built: Jan 28 2016 09:58:25
[Tue Aug 25 08:35:13.532611 2020] [core:notice] [pid 11132:tid 600] AH00094: Command line: 'D:\\WEB\\ks_lab\\db_server\\bin\\apache\\bin\\httpd.exe -d D:/WEB/ks_lab/db_server/bin/apache -f D:\\WEB\\ks_lab\\db_server\\bin\\apache\\conf\\httpd.conf'
[Tue Aug 25 08:35:13.540893 2020] [mpm_winnt:notice] [pid 11132:tid 600] AH00418: Parent: Created child process 11048
[Tue Aug 25 08:35:15.359019 2020] [ssl:warn] [pid 11048:tid 616] AH01906: main-serveur:443:0 server certificate is a CA certificate (BasicConstraints: CA == TRUE !?)
[Tue Aug 25 08:35:15.359019 2020] [ssl:warn] [pid 11048:tid 616] AH01909: main-serveur:443:0 server certificate does NOT include an ID which matches the server name
[Tue Aug 25 08:35:15.531986 2020] [ssl:warn] [pid 11048:tid 616] AH01873: Init: Session Cache is not configured [hint: SSLSessionCache]
[Tue Aug 25 08:35:15.532986 2020] [ssl:warn] [pid 11048:tid 616] AH01906: main-serveur:443:0 server certificate is a CA certificate (BasicConstraints: CA == TRUE !?)
[Tue Aug 25 08:35:15.532986 2020] [ssl:warn] [pid 11048:tid 616] AH01909: main-serveur:443:0 server certificate does NOT include an ID which matches the server name
[Tue Aug 25 08:35:15.567964 2020] [mpm_winnt:notice] [pid 11048:tid 616] AH00354: Child: Starting 64 worker threads.
[Tue Aug 25 08:35:54.567822 2020] [mpm_winnt:crit] [pid 11048:tid 616] AH02538: Child: Parent process exited abruptly. Child process is ending
[Tue Aug 25 08:36:04.279878 2020] [ssl:warn] [pid 6604:tid 620] AH01906: main-serveur:443:0 server certificate is a CA certificate (BasicConstraints: CA == TRUE !?)
[Tue Aug 25 08:36:04.279878 2020] [ssl:warn] [pid 6604:tid 620] AH01909: main-serveur:443:0 server certificate does NOT include an ID which matches the server name
[Tue Aug 25 08:36:04.430421 2020] [core:warn] [pid 6604:tid 620] AH00098: pid file D:/WEB/ks_lab/db_server/bin/apache/logs/httpd.pid overwritten -- Unclean shutdown of previous Apache run?
[Tue Aug 25 08:36:04.539359 2020] [ssl:warn] [pid 6604:tid 620] AH01873: Init: Session Cache is not configured [hint: SSLSessionCache]
[Tue Aug 25 08:36:04.540358 2020] [ssl:warn] [pid 6604:tid 620] AH01906: main-serveur:443:0 server certificate is a CA certificate (BasicConstraints: CA == TRUE !?)
[Tue Aug 25 08:36:04.540358 2020] [ssl:warn] [pid 6604:tid 620] AH01909: main-serveur:443:0 server certificate does NOT include an ID which matches the server name
[Tue Aug 25 08:36:04.569341 2020] [mpm_winnt:notice] [pid 6604:tid 620] AH00455: Apache/2.4.18 (Win32) OpenSSL/1.0.2f PHP/5.6.18 configured -- resuming normal operations
[Tue Aug 25 08:36:04.569341 2020] [mpm_winnt:notice] [pid 6604:tid 620] AH00456: Server built: Jan 28 2016 09:58:25
[Tue Aug 25 08:36:04.569341 2020] [core:notice] [pid 6604:tid 620] AH00094: Command line: 'D:\\WEB\\ks_lab\\db_server\\bin\\apache\\bin\\httpd.exe -d D:/WEB/ks_lab/db_server/bin/apache -f D:\\WEB\\ks_lab\\db_server\\bin\\apache\\conf\\httpd.conf'
[Tue Aug 25 08:36:04.579332 2020] [mpm_winnt:notice] [pid 6604:tid 620] AH00418: Parent: Created child process 11468
[Tue Aug 25 08:36:06.270490 2020] [ssl:warn] [pid 11468:tid 620] AH01906: main-serveur:443:0 server certificate is a CA certificate (BasicConstraints: CA == TRUE !?)
[Tue Aug 25 08:36:06.270490 2020] [ssl:warn] [pid 11468:tid 620] AH01909: main-serveur:443:0 server certificate does NOT include an ID which matches the server name
[Tue Aug 25 08:36:06.468697 2020] [ssl:warn] [pid 11468:tid 620] AH01873: Init: Session Cache is not configured [hint: SSLSessionCache]
[Tue Aug 25 08:36:06.468697 2020] [ssl:warn] [pid 11468:tid 620] AH01906: main-serveur:443:0 server certificate is a CA certificate (BasicConstraints: CA == TRUE !?)
[Tue Aug 25 08:36:06.468697 2020] [ssl:warn] [pid 11468:tid 620] AH01909: main-serveur:443:0 server certificate does NOT include an ID which matches the server name
[Tue Aug 25 08:36:06.504674 2020] [mpm_winnt:notice] [pid 11468:tid 620] AH00354: Child: Starting 64 worker threads.
[Tue Aug 25 12:35:32.500590 2020] [authz_core:error] [pid 11468:tid 1272] [client 172.20.162.243:49315] AH01630: client denied by server configuration: D:/WEB/ks_lab/db_server/www/
[Tue Aug 25 12:35:32.512580 2020] [authz_core:error] [pid 11468:tid 1272] [client 172.20.162.243:49316] AH01630: client denied by server configuration: D:/WEB/ks_lab/db_server/www/
[Tue Aug 25 12:35:33.959684 2020] [authz_core:error] [pid 11468:tid 1272] [client 172.20.162.243:49322] AH01630: client denied by server configuration: D:/WEB/ks_lab/db_server/www/HNAP1
[Tue Aug 25 14:05:21.237079 2020] [ssl:warn] [pid 10028:tid 604] AH01906: main-serveur:443:0 server certificate is a CA certificate (BasicConstraints: CA == TRUE !?)
[Tue Aug 25 14:05:21.248071 2020] [ssl:warn] [pid 10028:tid 604] AH01909: main-serveur:443:0 server certificate does NOT include an ID which matches the server name
[Tue Aug 25 14:05:21.671933 2020] [core:warn] [pid 10028:tid 604] AH00098: pid file D:/WEB/ks_lab/db_server/bin/apache/logs/httpd.pid overwritten -- Unclean shutdown of previous Apache run?
[Tue Aug 25 14:05:21.779864 2020] [ssl:warn] [pid 10028:tid 604] AH01873: Init: Session Cache is not configured [hint: SSLSessionCache]
[Tue Aug 25 14:05:21.780865 2020] [ssl:warn] [pid 10028:tid 604] AH01906: main-serveur:443:0 server certificate is a CA certificate (BasicConstraints: CA == TRUE !?)
[Tue Aug 25 14:05:21.780865 2020] [ssl:warn] [pid 10028:tid 604] AH01909: main-serveur:443:0 server certificate does NOT include an ID which matches the server name
[Tue Aug 25 14:05:47.943790 2020] [mpm_winnt:notice] [pid 10028:tid 604] AH00455: Apache/2.4.18 (Win32) OpenSSL/1.0.2f PHP/5.6.18 configured -- resuming normal operations
[Tue Aug 25 14:05:47.943790 2020] [mpm_winnt:notice] [pid 10028:tid 604] AH00456: Server built: Jan 28 2016 09:58:25
[Tue Aug 25 14:05:47.943790 2020] [core:notice] [pid 10028:tid 604] AH00094: Command line: 'D:\\WEB\\ks_lab\\db_server\\bin\\apache\\bin\\httpd.exe -d D:/WEB/ks_lab/db_server/bin/apache -f D:\\WEB\\ks_lab\\db_server\\bin\\apache\\conf\\httpd.conf'
[Tue Aug 25 14:05:47.952787 2020] [mpm_winnt:notice] [pid 10028:tid 604] AH00418: Parent: Created child process 7496
[Tue Aug 25 14:05:49.922011 2020] [ssl:warn] [pid 7496:tid 616] AH01906: main-serveur:443:0 server certificate is a CA certificate (BasicConstraints: CA == TRUE !?)
[Tue Aug 25 14:05:49.923011 2020] [ssl:warn] [pid 7496:tid 616] AH01909: main-serveur:443:0 server certificate does NOT include an ID which matches the server name
[Tue Aug 25 14:05:50.215274 2020] [ssl:warn] [pid 7496:tid 616] AH01873: Init: Session Cache is not configured [hint: SSLSessionCache]
[Tue Aug 25 14:05:50.216274 2020] [ssl:warn] [pid 7496:tid 616] AH01906: main-serveur:443:0 server certificate is a CA certificate (BasicConstraints: CA == TRUE !?)
[Tue Aug 25 14:05:50.216274 2020] [ssl:warn] [pid 7496:tid 616] AH01909: main-serveur:443:0 server certificate does NOT include an ID which matches the server name
[Tue Aug 25 14:05:50.254250 2020] [mpm_winnt:notice] [pid 7496:tid 616] AH00354: Child: Starting 64 worker threads.
[Tue Aug 25 14:27:48.781676 2020] [ssl:warn] [pid 2944:tid 604] AH01906: main-serveur:443:0 server certificate is a CA certificate (BasicConstraints: CA == TRUE !?)
[Tue Aug 25 14:27:48.781676 2020] [ssl:warn] [pid 2944:tid 604] AH01909: main-serveur:443:0 server certificate does NOT include an ID which matches the server name
[Tue Aug 25 14:27:48.953572 2020] [core:warn] [pid 2944:tid 604] AH00098: pid file D:/WEB/ks_lab/db_server/bin/apache/logs/httpd.pid overwritten -- Unclean shutdown of previous Apache run?
[Tue Aug 25 14:27:49.062917 2020] [ssl:warn] [pid 2944:tid 604] AH01873: Init: Session Cache is not configured [hint: SSLSessionCache]
[Tue Aug 25 14:27:49.062917 2020] [ssl:warn] [pid 2944:tid 604] AH01906: main-serveur:443:0 server certificate is a CA certificate (BasicConstraints: CA == TRUE !?)
[Tue Aug 25 14:27:49.062917 2020] [ssl:warn] [pid 2944:tid 604] AH01909: main-serveur:443:0 server certificate does NOT include an ID which matches the server name
[Tue Aug 25 14:27:49.344157 2020] [mpm_winnt:notice] [pid 2944:tid 604] AH00455: Apache/2.4.18 (Win32) OpenSSL/1.0.2f PHP/5.6.18 configured -- resuming normal operations
[Tue Aug 25 14:27:49.344157 2020] [mpm_winnt:notice] [pid 2944:tid 604] AH00456: Server built: Jan 28 2016 09:58:25
[Tue Aug 25 14:27:49.344157 2020] [core:notice] [pid 2944:tid 604] AH00094: Command line: 'D:\\WEB\\ks_lab\\db_server\\bin\\apache\\bin\\httpd.exe -d D:/WEB/ks_lab/db_server/bin/apache -f D:\\WEB\\ks_lab\\db_server\\bin\\apache\\conf\\httpd.conf'
[Tue Aug 25 14:27:49.359781 2020] [mpm_winnt:notice] [pid 2944:tid 604] AH00418: Parent: Created child process 4168
[Tue Aug 25 14:27:51.015976 2020] [ssl:warn] [pid 4168:tid 616] AH01906: main-serveur:443:0 server certificate is a CA certificate (BasicConstraints: CA == TRUE !?)
[Tue Aug 25 14:27:51.015976 2020] [ssl:warn] [pid 4168:tid 616] AH01909: main-serveur:443:0 server certificate does NOT include an ID which matches the server name
[Tue Aug 25 14:27:51.187843 2020] [ssl:warn] [pid 4168:tid 616] AH01873: Init: Session Cache is not configured [hint: SSLSessionCache]
[Tue Aug 25 14:27:51.187843 2020] [ssl:warn] [pid 4168:tid 616] AH01906: main-serveur:443:0 server certificate is a CA certificate (BasicConstraints: CA == TRUE !?)
[Tue Aug 25 14:27:51.187843 2020] [ssl:warn] [pid 4168:tid 616] AH01909: main-serveur:443:0 server certificate does NOT include an ID which matches the server name
[Tue Aug 25 14:27:51.219096 2020] [mpm_winnt:notice] [pid 4168:tid 616] AH00354: Child: Starting 64 worker threads.
[Tue Aug 25 14:31:02.651607 2020] [mpm_winnt:crit] [pid 4168:tid 616] AH02538: Child: Parent process exited abruptly. Child process is ending
[Tue Aug 25 14:32:50.791710 2020] [ssl:warn] [pid 2780:tid 608] AH01906: main-serveur:443:0 server certificate is a CA certificate (BasicConstraints: CA == TRUE !?)
[Tue Aug 25 14:32:50.791710 2020] [ssl:warn] [pid 2780:tid 608] AH01909: main-serveur:443:0 server certificate does NOT include an ID which matches the server name
[Tue Aug 25 14:32:50.979231 2020] [core:warn] [pid 2780:tid 608] AH00098: pid file D:/WEB/ks_lab/db_server/bin/apache/logs/httpd.pid overwritten -- Unclean shutdown of previous Apache run?
[Tue Aug 25 14:32:51.072952 2020] [ssl:warn] [pid 2780:tid 608] AH01873: Init: Session Cache is not configured [hint: SSLSessionCache]
[Tue Aug 25 14:32:51.072952 2020] [ssl:warn] [pid 2780:tid 608] AH01906: main-serveur:443:0 server certificate is a CA certificate (BasicConstraints: CA == TRUE !?)
[Tue Aug 25 14:32:51.072952 2020] [ssl:warn] [pid 2780:tid 608] AH01909: main-serveur:443:0 server certificate does NOT include an ID which matches the server name
[Tue Aug 25 14:32:51.104201 2020] [mpm_winnt:notice] [pid 2780:tid 608] AH00455: Apache/2.4.18 (Win32) OpenSSL/1.0.2f PHP/5.6.18 configured -- resuming normal operations
[Tue Aug 25 14:32:51.104201 2020] [mpm_winnt:notice] [pid 2780:tid 608] AH00456: Server built: Jan 28 2016 09:58:25
[Tue Aug 25 14:32:51.104201 2020] [core:notice] [pid 2780:tid 608] AH00094: Command line: 'D:\\WEB\\ks_lab\\db_server\\bin\\apache\\bin\\httpd.exe -d D:/WEB/ks_lab/db_server/bin/apache -f D:\\WEB\\ks_lab\\db_server\\bin\\apache\\conf\\httpd.conf'
[Tue Aug 25 14:32:51.104201 2020] [mpm_winnt:notice] [pid 2780:tid 608] AH00418: Parent: Created child process 3476
[Tue Aug 25 14:32:52.776020 2020] [ssl:warn] [pid 3476:tid 616] AH01906: main-serveur:443:0 server certificate is a CA certificate (BasicConstraints: CA == TRUE !?)
[Tue Aug 25 14:32:52.776020 2020] [ssl:warn] [pid 3476:tid 616] AH01909: main-serveur:443:0 server certificate does NOT include an ID which matches the server name
[Tue Aug 25 14:32:52.947890 2020] [ssl:warn] [pid 3476:tid 616] AH01873: Init: Session Cache is not configured [hint: SSLSessionCache]
[Tue Aug 25 14:32:52.963514 2020] [ssl:warn] [pid 3476:tid 616] AH01906: main-serveur:443:0 server certificate is a CA certificate (BasicConstraints: CA == TRUE !?)
[Tue Aug 25 14:32:52.963514 2020] [ssl:warn] [pid 3476:tid 616] AH01909: main-serveur:443:0 server certificate does NOT include an ID which matches the server name
[Tue Aug 25 14:32:52.994764 2020] [mpm_winnt:notice] [pid 3476:tid 616] AH00354: Child: Starting 64 worker threads.
[Tue Aug 25 15:05:26.743215 2020] [mpm_winnt:crit] [pid 3476:tid 616] AH02538: Child: Parent process exited abruptly. Child process is ending
[Tue Aug 25 15:32:35.068134 2020] [ssl:warn] [pid 4000:tid 600] AH01906: main-serveur:443:0 server certificate is a CA certificate (BasicConstraints: CA == TRUE !?)
[Tue Aug 25 15:32:35.068134 2020] [ssl:warn] [pid 4000:tid 600] AH01909: main-serveur:443:0 server certificate does NOT include an ID which matches the server name
[Tue Aug 25 15:32:35.177505 2020] [core:warn] [pid 4000:tid 600] AH00098: pid file D:/WEB/ks_lab/db_server/bin/apache/logs/httpd.pid overwritten -- Unclean shutdown of previous Apache run?
[Tue Aug 25 15:32:35.286879 2020] [ssl:warn] [pid 4000:tid 600] AH01873: Init: Session Cache is not configured [hint: SSLSessionCache]
[Tue Aug 25 15:32:35.286879 2020] [ssl:warn] [pid 4000:tid 600] AH01906: main-serveur:443:0 server certificate is a CA certificate (BasicConstraints: CA == TRUE !?)
[Tue Aug 25 15:32:35.286879 2020] [ssl:warn] [pid 4000:tid 600] AH01909: main-serveur:443:0 server certificate does NOT include an ID which matches the server name
[Tue Aug 25 15:32:35.318126 2020] [mpm_winnt:notice] [pid 4000:tid 600] AH00455: Apache/2.4.18 (Win32) OpenSSL/1.0.2f PHP/5.6.18 configured -- resuming normal operations
[Tue Aug 25 15:32:35.318126 2020] [mpm_winnt:notice] [pid 4000:tid 600] AH00456: Server built: Jan 28 2016 09:58:25
[Tue Aug 25 15:32:35.318126 2020] [core:notice] [pid 4000:tid 600] AH00094: Command line: 'D:\\WEB\\ks_lab\\db_server\\bin\\apache\\bin\\httpd.exe -d D:/WEB/ks_lab/db_server/bin/apache -f D:\\WEB\\ks_lab\\db_server\\bin\\apache\\conf\\httpd.conf'
[Tue Aug 25 15:32:35.318126 2020] [mpm_winnt:notice] [pid 4000:tid 600] AH00418: Parent: Created child process 5768
[Tue Aug 25 15:32:36.974322 2020] [ssl:warn] [pid 5768:tid 612] AH01906: main-serveur:443:0 server certificate is a CA certificate (BasicConstraints: CA == TRUE !?)
[Tue Aug 25 15:32:36.974322 2020] [ssl:warn] [pid 5768:tid 612] AH01909: main-serveur:443:0 server certificate does NOT include an ID which matches the server name
[Tue Aug 25 15:32:37.114939 2020] [ssl:warn] [pid 5768:tid 612] AH01873: Init: Session Cache is not configured [hint: SSLSessionCache]
[Tue Aug 25 15:32:37.114939 2020] [ssl:warn] [pid 5768:tid 612] AH01906: main-serveur:443:0 server certificate is a CA certificate (BasicConstraints: CA == TRUE !?)
[Tue Aug 25 15:32:37.114939 2020] [ssl:warn] [pid 5768:tid 612] AH01909: main-serveur:443:0 server certificate does NOT include an ID which matches the server name
[Tue Aug 25 15:32:37.161814 2020] [mpm_winnt:notice] [pid 5768:tid 612] AH00354: Child: Starting 64 worker threads.
[Tue Aug 25 15:37:59.591153 2020] [mpm_winnt:crit] [pid 5768:tid 612] AH02538: Child: Parent process exited abruptly. Child process is ending
[Tue Aug 25 18:46:30.459744 2020] [ssl:warn] [pid 12760:tid 604] AH01906: main-serveur:443:0 server certificate is a CA certificate (BasicConstraints: CA == TRUE !?)
[Tue Aug 25 18:46:30.459744 2020] [ssl:warn] [pid 12760:tid 604] AH01909: main-serveur:443:0 server certificate does NOT include an ID which matches the server name
[Tue Aug 25 18:46:30.647237 2020] [core:warn] [pid 12760:tid 604] AH00098: pid file D:/WEB/ks_lab/db_server/bin/apache/logs/httpd.pid overwritten -- Unclean shutdown of previous Apache run?
[Tue Aug 25 18:46:30.756608 2020] [ssl:warn] [pid 12760:tid 604] AH01873: Init: Session Cache is not configured [hint: SSLSessionCache]
[Tue Aug 25 18:46:30.756608 2020] [ssl:warn] [pid 12760:tid 604] AH01906: main-serveur:443:0 server certificate is a CA certificate (BasicConstraints: CA == TRUE !?)
[Tue Aug 25 18:46:30.756608 2020] [ssl:warn] [pid 12760:tid 604] AH01909: main-serveur:443:0 server certificate does NOT include an ID which matches the server name
[Tue Aug 25 18:46:30.787858 2020] [mpm_winnt:notice] [pid 12760:tid 604] AH00455: Apache/2.4.18 (Win32) OpenSSL/1.0.2f PHP/5.6.18 configured -- resuming normal operations
[Tue Aug 25 18:46:30.787858 2020] [mpm_winnt:notice] [pid 12760:tid 604] AH00456: Server built: Jan 28 2016 09:58:25
[Tue Aug 25 18:46:30.787858 2020] [core:notice] [pid 12760:tid 604] AH00094: Command line: 'D:\\WEB\\ks_lab\\db_server\\bin\\apache\\bin\\httpd.exe -d D:/WEB/ks_lab/db_server/bin/apache -f D:\\WEB\\ks_lab\\db_server\\bin\\apache\\conf\\httpd.conf'
[Tue Aug 25 18:46:30.787858 2020] [mpm_winnt:notice] [pid 12760:tid 604] AH00418: Parent: Created child process 4428
[Tue Aug 25 18:46:32.522923 2020] [ssl:warn] [pid 4428:tid 620] AH01906: main-serveur:443:0 server certificate is a CA certificate (BasicConstraints: CA == TRUE !?)
[Tue Aug 25 18:46:32.522923 2020] [ssl:warn] [pid 4428:tid 620] AH01909: main-serveur:443:0 server certificate does NOT include an ID which matches the server name
[Tue Aug 25 18:46:32.679168 2020] [ssl:warn] [pid 4428:tid 620] AH01873: Init: Session Cache is not configured [hint: SSLSessionCache]
[Tue Aug 25 18:46:32.679168 2020] [ssl:warn] [pid 4428:tid 620] AH01906: main-serveur:443:0 server certificate is a CA certificate (BasicConstraints: CA == TRUE !?)
[Tue Aug 25 18:46:32.679168 2020] [ssl:warn] [pid 4428:tid 620] AH01909: main-serveur:443:0 server certificate does NOT include an ID which matches the server name
[Tue Aug 25 18:46:32.726039 2020] [mpm_winnt:notice] [pid 4428:tid 620] AH00354: Child: Starting 64 worker threads.
[Wed Aug 26 07:51:20.099730 2020] [ssl:warn] [pid 13928:tid 632] AH01906: main-serveur:443:0 server certificate is a CA certificate (BasicConstraints: CA == TRUE !?)
[Wed Aug 26 07:51:20.099730 2020] [ssl:warn] [pid 13928:tid 632] AH01909: main-serveur:443:0 server certificate does NOT include an ID which matches the server name
[Wed Aug 26 07:51:20.334100 2020] [core:warn] [pid 13928:tid 632] AH00098: pid file D:/WEB/ks_lab/db_server/bin/apache/logs/httpd.pid overwritten -- Unclean shutdown of previous Apache run?
[Wed Aug 26 07:51:20.443467 2020] [ssl:warn] [pid 13928:tid 632] AH01873: Init: Session Cache is not configured [hint: SSLSessionCache]
[Wed Aug 26 07:51:20.443467 2020] [ssl:warn] [pid 13928:tid 632] AH01906: main-serveur:443:0 server certificate is a CA certificate (BasicConstraints: CA == TRUE !?)
[Wed Aug 26 07:51:20.443467 2020] [ssl:warn] [pid 13928:tid 632] AH01909: main-serveur:443:0 server certificate does NOT include an ID which matches the server name
[Wed Aug 26 07:51:20.474717 2020] [mpm_winnt:notice] [pid 13928:tid 632] AH00455: Apache/2.4.18 (Win32) OpenSSL/1.0.2f PHP/5.6.18 configured -- resuming normal operations
[Wed Aug 26 07:51:20.474717 2020] [mpm_winnt:notice] [pid 13928:tid 632] AH00456: Server built: Jan 28 2016 09:58:25
[Wed Aug 26 07:51:20.474717 2020] [core:notice] [pid 13928:tid 632] AH00094: Command line: 'D:\\WEB\\ks_lab\\db_server\\bin\\apache\\bin\\httpd.exe -d D:/WEB/ks_lab/db_server/bin/apache -f D:\\WEB\\ks_lab\\db_server\\bin\\apache\\conf\\httpd.conf'
[Wed Aug 26 07:51:20.474717 2020] [mpm_winnt:notice] [pid 13928:tid 632] AH00418: Parent: Created child process 12612
[Wed Aug 26 07:51:22.287158 2020] [ssl:warn] [pid 12612:tid 620] AH01906: main-serveur:443:0 server certificate is a CA certificate (BasicConstraints: CA == TRUE !?)
[Wed Aug 26 07:51:22.287158 2020] [ssl:warn] [pid 12612:tid 620] AH01909: main-serveur:443:0 server certificate does NOT include an ID which matches the server name
[Wed Aug 26 07:51:22.537146 2020] [ssl:warn] [pid 12612:tid 620] AH01873: Init: Session Cache is not configured [hint: SSLSessionCache]
[Wed Aug 26 07:51:22.537146 2020] [ssl:warn] [pid 12612:tid 620] AH01906: main-serveur:443:0 server certificate is a CA certificate (BasicConstraints: CA == TRUE !?)
[Wed Aug 26 07:51:22.537146 2020] [ssl:warn] [pid 12612:tid 620] AH01909: main-serveur:443:0 server certificate does NOT include an ID which matches the server name
[Wed Aug 26 07:51:22.568400 2020] [mpm_winnt:notice] [pid 12612:tid 620] AH00354: Child: Starting 64 worker threads.
[Wed Aug 26 13:33:46.097512 2020] [mpm_winnt:crit] [pid 12612:tid 620] AH02538: Child: Parent process exited abruptly. Child process is ending
[Wed Aug 26 13:35:44.457033 2020] [ssl:warn] [pid 10792:tid 604] AH01906: main-serveur:443:0 server certificate is a CA certificate (BasicConstraints: CA == TRUE !?)
[Wed Aug 26 13:35:44.457033 2020] [ssl:warn] [pid 10792:tid 604] AH01909: main-serveur:443:0 server certificate does NOT include an ID which matches the server name
[Wed Aug 26 13:35:44.847645 2020] [core:warn] [pid 10792:tid 604] AH00098: pid file D:/WEB/ks_lab/db_server/bin/apache/logs/httpd.pid overwritten -- Unclean shutdown of previous Apache run?
[Wed Aug 26 13:35:44.941391 2020] [ssl:warn] [pid 10792:tid 604] AH01873: Init: Session Cache is not configured [hint: SSLSessionCache]
[Wed Aug 26 13:35:44.941391 2020] [ssl:warn] [pid 10792:tid 604] AH01906: main-serveur:443:0 server certificate is a CA certificate (BasicConstraints: CA == TRUE !?)
[Wed Aug 26 13:35:44.941391 2020] [ssl:warn] [pid 10792:tid 604] AH01909: main-serveur:443:0 server certificate does NOT include an ID which matches the server name
[Wed Aug 26 13:35:44.972643 2020] [mpm_winnt:notice] [pid 10792:tid 604] AH00455: Apache/2.4.18 (Win32) OpenSSL/1.0.2f PHP/5.6.18 configured -- resuming normal operations
[Wed Aug 26 13:35:44.972643 2020] [mpm_winnt:notice] [pid 10792:tid 604] AH00456: Server built: Jan 28 2016 09:58:25
[Wed Aug 26 13:35:44.972643 2020] [core:notice] [pid 10792:tid 604] AH00094: Command line: 'D:\\WEB\\ks_lab\\db_server\\bin\\apache\\bin\\httpd.exe -d D:/WEB/ks_lab/db_server/bin/apache -f D:\\WEB\\ks_lab\\db_server\\bin\\apache\\conf\\httpd.conf'
[Wed Aug 26 13:35:44.988266 2020] [mpm_winnt:notice] [pid 10792:tid 604] AH00418: Parent: Created child process 9676
[Wed Aug 26 13:35:46.706955 2020] [ssl:warn] [pid 9676:tid 612] AH01906: main-serveur:443:0 server certificate is a CA certificate (BasicConstraints: CA == TRUE !?)
[Wed Aug 26 13:35:46.706955 2020] [ssl:warn] [pid 9676:tid 612] AH01909: main-serveur:443:0 server certificate does NOT include an ID which matches the server name
[Wed Aug 26 13:35:46.941323 2020] [ssl:warn] [pid 9676:tid 612] AH01873: Init: Session Cache is not configured [hint: SSLSessionCache]
[Wed Aug 26 13:35:46.941323 2020] [ssl:warn] [pid 9676:tid 612] AH01906: main-serveur:443:0 server certificate is a CA certificate (BasicConstraints: CA == TRUE !?)
[Wed Aug 26 13:35:46.941323 2020] [ssl:warn] [pid 9676:tid 612] AH01909: main-serveur:443:0 server certificate does NOT include an ID which matches the server name
[Wed Aug 26 13:35:46.972576 2020] [mpm_winnt:notice] [pid 9676:tid 612] AH00354: Child: Starting 64 worker threads.
[Wed Aug 26 13:38:39.281208 2020] [mpm_winnt:crit] [pid 9676:tid 612] AH02538: Child: Parent process exited abruptly. Child process is ending
[Wed Aug 26 13:38:51.393840 2020] [ssl:warn] [pid 7384:tid 608] AH01906: main-serveur:443:0 server certificate is a CA certificate (BasicConstraints: CA == TRUE !?)
[Wed Aug 26 13:38:51.393840 2020] [ssl:warn] [pid 7384:tid 608] AH01909: main-serveur:443:0 server certificate does NOT include an ID which matches the server name
[Wed Aug 26 13:38:51.550085 2020] [core:warn] [pid 7384:tid 608] AH00098: pid file D:/WEB/ks_lab/db_server/bin/apache/logs/httpd.pid overwritten -- Unclean shutdown of previous Apache run?
[Wed Aug 26 13:38:51.643832 2020] [ssl:warn] [pid 7384:tid 608] AH01873: Init: Session Cache is not configured [hint: SSLSessionCache]
[Wed Aug 26 13:38:51.643832 2020] [ssl:warn] [pid 7384:tid 608] AH01906: main-serveur:443:0 server certificate is a CA certificate (BasicConstraints: CA == TRUE !?)
[Wed Aug 26 13:38:51.643832 2020] [ssl:warn] [pid 7384:tid 608] AH01909: main-serveur:443:0 server certificate does NOT include an ID which matches the server name
[Wed Aug 26 13:38:51.675082 2020] [mpm_winnt:notice] [pid 7384:tid 608] AH00455: Apache/2.4.18 (Win32) OpenSSL/1.0.2f PHP/5.6.18 configured -- resuming normal operations
[Wed Aug 26 13:38:51.675082 2020] [mpm_winnt:notice] [pid 7384:tid 608] AH00456: Server built: Jan 28 2016 09:58:25
[Wed Aug 26 13:38:51.675082 2020] [core:notice] [pid 7384:tid 608] AH00094: Command line: 'D:\\WEB\\ks_lab\\db_server\\bin\\apache\\bin\\httpd.exe -d D:/WEB/ks_lab/db_server/bin/apache -f D:\\WEB\\ks_lab\\db_server\\bin\\apache\\conf\\httpd.conf'
[Wed Aug 26 13:38:51.690705 2020] [mpm_winnt:notice] [pid 7384:tid 608] AH00418: Parent: Created child process 15120
[Wed Aug 26 13:38:53.331274 2020] [ssl:warn] [pid 15120:tid 620] AH01906: main-serveur:443:0 server certificate is a CA certificate (BasicConstraints: CA == TRUE !?)
[Wed Aug 26 13:38:53.331274 2020] [ssl:warn] [pid 15120:tid 620] AH01909: main-serveur:443:0 server certificate does NOT include an ID which matches the server name
[Wed Aug 26 13:38:53.487520 2020] [ssl:warn] [pid 15120:tid 620] AH01873: Init: Session Cache is not configured [hint: SSLSessionCache]
[Wed Aug 26 13:38:53.487520 2020] [ssl:warn] [pid 15120:tid 620] AH01906: main-serveur:443:0 server certificate is a CA certificate (BasicConstraints: CA == TRUE !?)
[Wed Aug 26 13:38:53.487520 2020] [ssl:warn] [pid 15120:tid 620] AH01909: main-serveur:443:0 server certificate does NOT include an ID which matches the server name
[Wed Aug 26 13:38:53.518769 2020] [mpm_winnt:notice] [pid 15120:tid 620] AH00354: Child: Starting 64 worker threads.
[Wed Aug 26 15:52:12.777572 2020] [mpm_winnt:crit] [pid 15120:tid 620] AH02538: Child: Parent process exited abruptly. Child process is ending
[Thu Aug 27 08:00:28.500080 2020] [ssl:warn] [pid 15212:tid 584] AH01906: main-serveur:443:0 server certificate is a CA certificate (BasicConstraints: CA == TRUE !?)
[Thu Aug 27 08:00:28.500080 2020] [ssl:warn] [pid 15212:tid 584] AH01909: main-serveur:443:0 server certificate does NOT include an ID which matches the server name
[Thu Aug 27 08:00:28.650551 2020] [core:warn] [pid 15212:tid 584] AH00098: pid file D:/WEB/ks_lab/db_server/bin/apache/logs/httpd.pid overwritten -- Unclean shutdown of previous Apache run?
[Thu Aug 27 08:00:28.754514 2020] [ssl:warn] [pid 15212:tid 584] AH01873: Init: Session Cache is not configured [hint: SSLSessionCache]
[Thu Aug 27 08:00:28.754514 2020] [ssl:warn] [pid 15212:tid 584] AH01906: main-serveur:443:0 server certificate is a CA certificate (BasicConstraints: CA == TRUE !?)
[Thu Aug 27 08:00:28.754514 2020] [ssl:warn] [pid 15212:tid 584] AH01909: main-serveur:443:0 server certificate does NOT include an ID which matches the server name
[Thu Aug 27 08:00:28.799062 2020] [mpm_winnt:notice] [pid 15212:tid 584] AH00455: Apache/2.4.18 (Win32) OpenSSL/1.0.2f PHP/5.6.18 configured -- resuming normal operations
[Thu Aug 27 08:00:28.799062 2020] [mpm_winnt:notice] [pid 15212:tid 584] AH00456: Server built: Jan 28 2016 09:58:25
[Thu Aug 27 08:00:28.799062 2020] [core:notice] [pid 15212:tid 584] AH00094: Command line: 'D:\\WEB\\ks_lab\\db_server\\bin\\apache\\bin\\httpd.exe -d D:/WEB/ks_lab/db_server/bin/apache -f D:\\WEB\\ks_lab\\db_server\\bin\\apache\\conf\\httpd.conf'
[Thu Aug 27 08:00:28.812409 2020] [mpm_winnt:notice] [pid 15212:tid 584] AH00418: Parent: Created child process 7376
[Thu Aug 27 08:00:30.805874 2020] [ssl:warn] [pid 7376:tid 588] AH01906: main-serveur:443:0 server certificate is a CA certificate (BasicConstraints: CA == TRUE !?)
[Thu Aug 27 08:00:30.805874 2020] [ssl:warn] [pid 7376:tid 588] AH01909: main-serveur:443:0 server certificate does NOT include an ID which matches the server name
[Thu Aug 27 08:00:31.024815 2020] [ssl:warn] [pid 7376:tid 588] AH01873: Init: Session Cache is not configured [hint: SSLSessionCache]
[Thu Aug 27 08:00:31.024815 2020] [ssl:warn] [pid 7376:tid 588] AH01906: main-serveur:443:0 server certificate is a CA certificate (BasicConstraints: CA == TRUE !?)
[Thu Aug 27 08:00:31.024815 2020] [ssl:warn] [pid 7376:tid 588] AH01909: main-serveur:443:0 server certificate does NOT include an ID which matches the server name
[Thu Aug 27 08:00:31.065598 2020] [mpm_winnt:notice] [pid 7376:tid 588] AH00354: Child: Starting 64 worker threads.
[Thu Aug 27 11:55:41.744352 2020] [mpm_winnt:warn] [pid 7376:tid 676] (OS 64)The specified network name is no longer available.  : AH00341: winnt_accept: Asynchronous AcceptEx failed.
[Thu Aug 27 15:57:25.722781 2020] [mpm_winnt:crit] [pid 7376:tid 588] AH02538: Child: Parent process exited abruptly. Child process is ending
[Thu Aug 27 18:02:51.824172 2020] [ssl:warn] [pid 13500:tid 552] AH01906: main-serveur:443:0 server certificate is a CA certificate (BasicConstraints: CA == TRUE !?)
[Thu Aug 27 18:02:51.865039 2020] [ssl:warn] [pid 13500:tid 552] AH01909: main-serveur:443:0 server certificate does NOT include an ID which matches the server name
[Thu Aug 27 18:02:52.078709 2020] [core:warn] [pid 13500:tid 552] AH00098: pid file D:/WEB/ks_lab/db_server/bin/apache/logs/httpd.pid overwritten -- Unclean shutdown of previous Apache run?
[Thu Aug 27 18:02:52.219742 2020] [ssl:warn] [pid 13500:tid 552] AH01873: Init: Session Cache is not configured [hint: SSLSessionCache]
[Thu Aug 27 18:02:52.223741 2020] [ssl:warn] [pid 13500:tid 552] AH01906: main-serveur:443:0 server certificate is a CA certificate (BasicConstraints: CA == TRUE !?)
[Thu Aug 27 18:02:52.223741 2020] [ssl:warn] [pid 13500:tid 552] AH01909: main-serveur:443:0 server certificate does NOT include an ID which matches the server name
[Thu Aug 27 18:02:56.131704 2020] [mpm_winnt:notice] [pid 13500:tid 552] AH00455: Apache/2.4.18 (Win32) OpenSSL/1.0.2f PHP/5.6.18 configured -- resuming normal operations
[Thu Aug 27 18:02:56.131704 2020] [mpm_winnt:notice] [pid 13500:tid 552] AH00456: Server built: Jan 28 2016 09:58:25
[Thu Aug 27 18:02:56.131704 2020] [core:notice] [pid 13500:tid 552] AH00094: Command line: 'D:\\WEB\\ks_lab\\db_server\\bin\\apache\\bin\\httpd.exe -d D:/WEB/ks_lab/db_server/bin/apache -f D:\\WEB\\ks_lab\\db_server\\bin\\apache\\conf\\httpd.conf'
[Thu Aug 27 18:02:56.143699 2020] [mpm_winnt:notice] [pid 13500:tid 552] AH00418: Parent: Created child process 4580
[Thu Aug 27 18:02:57.948801 2020] [ssl:warn] [pid 4580:tid 584] AH01906: main-serveur:443:0 server certificate is a CA certificate (BasicConstraints: CA == TRUE !?)
[Thu Aug 27 18:02:57.948801 2020] [ssl:warn] [pid 4580:tid 584] AH01909: main-serveur:443:0 server certificate does NOT include an ID which matches the server name
[Thu Aug 27 18:02:58.138809 2020] [ssl:warn] [pid 4580:tid 584] AH01873: Init: Session Cache is not configured [hint: SSLSessionCache]
[Thu Aug 27 18:02:58.142808 2020] [ssl:warn] [pid 4580:tid 584] AH01906: main-serveur:443:0 server certificate is a CA certificate (BasicConstraints: CA == TRUE !?)
[Thu Aug 27 18:02:58.142808 2020] [ssl:warn] [pid 4580:tid 584] AH01909: main-serveur:443:0 server certificate does NOT include an ID which matches the server name
[Thu Aug 27 18:02:58.212554 2020] [mpm_winnt:notice] [pid 4580:tid 584] AH00354: Child: Starting 64 worker threads.
[Sat Aug 29 15:38:18.983535 2020] [ssl:warn] [pid 14668:tid 536] AH01906: main-serveur:443:0 server certificate is a CA certificate (BasicConstraints: CA == TRUE !?)
[Sat Aug 29 15:38:18.999391 2020] [ssl:warn] [pid 14668:tid 536] AH01909: main-serveur:443:0 server certificate does NOT include an ID which matches the server name
[Sat Aug 29 15:38:19.210526 2020] [core:warn] [pid 14668:tid 536] AH00098: pid file D:/WEB/ks_lab/db_server/bin/apache/logs/httpd.pid overwritten -- Unclean shutdown of previous Apache run?
[Sat Aug 29 15:38:19.314495 2020] [ssl:warn] [pid 14668:tid 536] AH01873: Init: Session Cache is not configured [hint: SSLSessionCache]
[Sat Aug 29 15:38:19.314495 2020] [ssl:warn] [pid 14668:tid 536] AH01906: main-serveur:443:0 server certificate is a CA certificate (BasicConstraints: CA == TRUE !?)
[Sat Aug 29 15:38:19.314495 2020] [ssl:warn] [pid 14668:tid 536] AH01909: main-serveur:443:0 server certificate does NOT include an ID which matches the server name
[Sat Aug 29 15:38:35.613366 2020] [mpm_winnt:notice] [pid 14668:tid 536] AH00455: Apache/2.4.18 (Win32) OpenSSL/1.0.2f PHP/5.6.18 configured -- resuming normal operations
[Sat Aug 29 15:38:35.613366 2020] [mpm_winnt:notice] [pid 14668:tid 536] AH00456: Server built: Jan 28 2016 09:58:25
[Sat Aug 29 15:38:35.613366 2020] [core:notice] [pid 14668:tid 536] AH00094: Command line: 'D:\\WEB\\ks_lab\\db_server\\bin\\apache\\bin\\httpd.exe -d D:/WEB/ks_lab/db_server/bin/apache -f D:\\WEB\\ks_lab\\db_server\\bin\\apache\\conf\\httpd.conf'
[Sat Aug 29 15:38:35.621373 2020] [mpm_winnt:notice] [pid 14668:tid 536] AH00418: Parent: Created child process 11000
[Sat Aug 29 15:38:37.414114 2020] [ssl:warn] [pid 11000:tid 544] AH01906: main-serveur:443:0 server certificate is a CA certificate (BasicConstraints: CA == TRUE !?)
[Sat Aug 29 15:38:37.414114 2020] [ssl:warn] [pid 11000:tid 544] AH01909: main-serveur:443:0 server certificate does NOT include an ID which matches the server name
[Sat Aug 29 15:38:37.696028 2020] [ssl:warn] [pid 11000:tid 544] AH01873: Init: Session Cache is not configured [hint: SSLSessionCache]
[Sat Aug 29 15:38:37.700025 2020] [ssl:warn] [pid 11000:tid 544] AH01906: main-serveur:443:0 server certificate is a CA certificate (BasicConstraints: CA == TRUE !?)
[Sat Aug 29 15:38:37.700025 2020] [ssl:warn] [pid 11000:tid 544] AH01909: main-serveur:443:0 server certificate does NOT include an ID which matches the server name
[Sat Aug 29 15:38:38.007302 2020] [mpm_winnt:notice] [pid 11000:tid 544] AH00354: Child: Starting 64 worker threads.
[Mon Aug 31 13:15:29.614858 2020] [ssl:warn] [pid 10572:tid 620] AH01906: main-serveur:443:0 server certificate is a CA certificate (BasicConstraints: CA == TRUE !?)
[Mon Aug 31 13:15:29.693520 2020] [ssl:warn] [pid 10572:tid 620] AH01909: main-serveur:443:0 server certificate does NOT include an ID which matches the server name
[Mon Aug 31 13:15:33.869701 2020] [core:warn] [pid 10572:tid 620] AH00098: pid file D:/WEB/ks_lab/db_server/bin/apache/logs/httpd.pid overwritten -- Unclean shutdown of previous Apache run?
[Mon Aug 31 13:15:34.171644 2020] [ssl:warn] [pid 10572:tid 620] AH01873: Init: Session Cache is not configured [hint: SSLSessionCache]
[Mon Aug 31 13:15:34.172644 2020] [ssl:warn] [pid 10572:tid 620] AH01906: main-serveur:443:0 server certificate is a CA certificate (BasicConstraints: CA == TRUE !?)
[Mon Aug 31 13:15:34.172644 2020] [ssl:warn] [pid 10572:tid 620] AH01909: main-serveur:443:0 server certificate does NOT include an ID which matches the server name
[Mon Aug 31 13:16:07.318664 2020] [mpm_winnt:notice] [pid 10572:tid 620] AH00455: Apache/2.4.18 (Win32) OpenSSL/1.0.2f PHP/5.6.18 configured -- resuming normal operations
[Mon Aug 31 13:16:07.319663 2020] [mpm_winnt:notice] [pid 10572:tid 620] AH00456: Server built: Jan 28 2016 09:58:25
[Mon Aug 31 13:16:07.319663 2020] [core:notice] [pid 10572:tid 620] AH00094: Command line: 'D:\\WEB\\ks_lab\\db_server\\bin\\apache\\bin\\httpd.exe -d D:/WEB/ks_lab/db_server/bin/apache -f D:\\WEB\\ks_lab\\db_server\\bin\\apache\\conf\\httpd.conf'
[Mon Aug 31 13:16:07.322713 2020] [mpm_winnt:notice] [pid 10572:tid 620] AH00418: Parent: Created child process 11524
[Mon Aug 31 13:16:08.267467 2020] [ssl:warn] [pid 11524:tid 544] AH01906: main-serveur:443:0 server certificate is a CA certificate (BasicConstraints: CA == TRUE !?)
[Mon Aug 31 13:16:08.267467 2020] [ssl:warn] [pid 11524:tid 544] AH01909: main-serveur:443:0 server certificate does NOT include an ID which matches the server name
[Mon Aug 31 13:16:08.475829 2020] [ssl:warn] [pid 11524:tid 544] AH01873: Init: Session Cache is not configured [hint: SSLSessionCache]
[Mon Aug 31 13:16:08.476828 2020] [ssl:warn] [pid 11524:tid 544] AH01906: main-serveur:443:0 server certificate is a CA certificate (BasicConstraints: CA == TRUE !?)
[Mon Aug 31 13:16:08.476828 2020] [ssl:warn] [pid 11524:tid 544] AH01909: main-serveur:443:0 server certificate does NOT include an ID which matches the server name
[Mon Aug 31 13:16:09.167043 2020] [mpm_winnt:notice] [pid 11524:tid 544] AH00354: Child: Starting 64 worker threads.
[Mon Aug 31 13:36:52.585297 2020] [mpm_winnt:crit] [pid 11524:tid 544] AH02538: Child: Parent process exited abruptly. Child process is ending
[Sat Oct 03 16:25:08.524985 2020] [ssl:warn] [pid 11248:tid 576] AH01906: main-serveur:443:0 server certificate is a CA certificate (BasicConstraints: CA == TRUE !?)
[Sat Oct 03 16:25:08.608308 2020] [ssl:warn] [pid 11248:tid 576] AH01909: main-serveur:443:0 server certificate does NOT include an ID which matches the server name
[Sat Oct 03 16:25:09.122586 2020] [core:warn] [pid 11248:tid 576] AH00098: pid file D:/WEB/ks_lab/db_server/bin/apache/logs/httpd.pid overwritten -- Unclean shutdown of previous Apache run?
[Sat Oct 03 16:25:09.229522 2020] [ssl:warn] [pid 11248:tid 576] AH01873: Init: Session Cache is not configured [hint: SSLSessionCache]
[Sat Oct 03 16:25:09.230521 2020] [ssl:warn] [pid 11248:tid 576] AH01906: main-serveur:443:0 server certificate is a CA certificate (BasicConstraints: CA == TRUE !?)
[Sat Oct 03 16:25:09.230521 2020] [ssl:warn] [pid 11248:tid 576] AH01909: main-serveur:443:0 server certificate does NOT include an ID which matches the server name
[Sat Oct 03 16:25:21.577934 2020] [mpm_winnt:notice] [pid 11248:tid 576] AH00455: Apache/2.4.18 (Win32) OpenSSL/1.0.2f PHP/5.6.18 configured -- resuming normal operations
[Sat Oct 03 16:25:21.577934 2020] [mpm_winnt:notice] [pid 11248:tid 576] AH00456: Server built: Jan 28 2016 09:58:25
[Sat Oct 03 16:25:21.577934 2020] [core:notice] [pid 11248:tid 576] AH00094: Command line: 'D:\\WEB\\ks_lab\\db_server\\bin\\apache\\bin\\httpd.exe -d D:/WEB/ks_lab/db_server/bin/apache -f D:\\WEB\\ks_lab\\db_server\\bin\\apache\\conf\\httpd.conf'
[Sat Oct 03 16:25:21.580933 2020] [mpm_winnt:notice] [pid 11248:tid 576] AH00418: Parent: Created child process 11064
[Sat Oct 03 16:25:22.595973 2020] [ssl:warn] [pid 11064:tid 580] AH01906: main-serveur:443:0 server certificate is a CA certificate (BasicConstraints: CA == TRUE !?)
[Sat Oct 03 16:25:22.596973 2020] [ssl:warn] [pid 11064:tid 580] AH01909: main-serveur:443:0 server certificate does NOT include an ID which matches the server name
[Sat Oct 03 16:25:23.207137 2020] [ssl:warn] [pid 11064:tid 580] AH01873: Init: Session Cache is not configured [hint: SSLSessionCache]
[Sat Oct 03 16:25:23.208137 2020] [ssl:warn] [pid 11064:tid 580] AH01906: main-serveur:443:0 server certificate is a CA certificate (BasicConstraints: CA == TRUE !?)
[Sat Oct 03 16:25:23.208137 2020] [ssl:warn] [pid 11064:tid 580] AH01909: main-serveur:443:0 server certificate does NOT include an ID which matches the server name
[Sat Oct 03 16:25:24.276843 2020] [mpm_winnt:notice] [pid 11064:tid 580] AH00354: Child: Starting 64 worker threads.
[Mon Oct 05 07:08:47.463527 2020] [ssl:warn] [pid 7260:tid 620] AH01906: main-serveur:443:0 server certificate is a CA certificate (BasicConstraints: CA == TRUE !?)
[Mon Oct 05 07:08:48.459013 2020] [ssl:warn] [pid 7260:tid 620] AH01909: main-serveur:443:0 server certificate does NOT include an ID which matches the server name
[Mon Oct 05 07:08:50.785696 2020] [core:warn] [pid 7260:tid 620] AH00098: pid file D:/WEB/ks_lab/db_server/bin/apache/logs/httpd.pid overwritten -- Unclean shutdown of previous Apache run?
[Mon Oct 05 07:08:51.029620 2020] [ssl:warn] [pid 7260:tid 620] AH01873: Init: Session Cache is not configured [hint: SSLSessionCache]
[Mon Oct 05 07:08:51.029620 2020] [ssl:warn] [pid 7260:tid 620] AH01906: main-serveur:443:0 server certificate is a CA certificate (BasicConstraints: CA == TRUE !?)
[Mon Oct 05 07:08:51.029620 2020] [ssl:warn] [pid 7260:tid 620] AH01909: main-serveur:443:0 server certificate does NOT include an ID which matches the server name
[Mon Oct 05 07:09:57.900037 2020] [mpm_winnt:notice] [pid 7260:tid 620] AH00455: Apache/2.4.18 (Win32) OpenSSL/1.0.2f PHP/5.6.18 configured -- resuming normal operations
[Mon Oct 05 07:09:57.900037 2020] [mpm_winnt:notice] [pid 7260:tid 620] AH00456: Server built: Jan 28 2016 09:58:25
[Mon Oct 05 07:09:57.900037 2020] [core:notice] [pid 7260:tid 620] AH00094: Command line: 'D:\\WEB\\ks_lab\\db_server\\bin\\apache\\bin\\httpd.exe -d D:/WEB/ks_lab/db_server/bin/apache -f D:\\WEB\\ks_lab\\db_server\\bin\\apache\\conf\\httpd.conf'
[Mon Oct 05 07:09:58.521818 2020] [mpm_winnt:notice] [pid 7260:tid 620] AH00418: Parent: Created child process 14636
[Mon Oct 05 07:10:00.272525 2020] [ssl:warn] [pid 14636:tid 248] AH01906: main-serveur:443:0 server certificate is a CA certificate (BasicConstraints: CA == TRUE !?)
[Mon Oct 05 07:10:00.272525 2020] [ssl:warn] [pid 14636:tid 248] AH01909: main-serveur:443:0 server certificate does NOT include an ID which matches the server name
[Mon Oct 05 07:10:00.551052 2020] [ssl:warn] [pid 14636:tid 248] AH01873: Init: Session Cache is not configured [hint: SSLSessionCache]
[Mon Oct 05 07:10:00.551052 2020] [ssl:warn] [pid 14636:tid 248] AH01906: main-serveur:443:0 server certificate is a CA certificate (BasicConstraints: CA == TRUE !?)
[Mon Oct 05 07:10:00.551052 2020] [ssl:warn] [pid 14636:tid 248] AH01909: main-serveur:443:0 server certificate does NOT include an ID which matches the server name
[Mon Oct 05 07:10:01.792499 2020] [mpm_winnt:notice] [pid 14636:tid 248] AH00354: Child: Starting 64 worker threads.
[Mon Oct 05 07:25:46.822938 2020] [ssl:warn] [pid 9072:tid 612] AH01906: main-serveur:443:0 server certificate is a CA certificate (BasicConstraints: CA == TRUE !?)
[Mon Oct 05 07:25:46.823939 2020] [ssl:warn] [pid 9072:tid 612] AH01909: main-serveur:443:0 server certificate does NOT include an ID which matches the server name
[Mon Oct 05 07:25:47.076936 2020] [core:warn] [pid 9072:tid 612] AH00098: pid file D:/WEB/ks_lab/db_server/bin/apache/logs/httpd.pid overwritten -- Unclean shutdown of previous Apache run?
[Mon Oct 05 07:25:47.175873 2020] [ssl:warn] [pid 9072:tid 612] AH01873: Init: Session Cache is not configured [hint: SSLSessionCache]
[Mon Oct 05 07:25:47.175873 2020] [ssl:warn] [pid 9072:tid 612] AH01906: main-serveur:443:0 server certificate is a CA certificate (BasicConstraints: CA == TRUE !?)
[Mon Oct 05 07:25:47.175873 2020] [ssl:warn] [pid 9072:tid 612] AH01909: main-serveur:443:0 server certificate does NOT include an ID which matches the server name
[Mon Oct 05 07:25:52.099792 2020] [mpm_winnt:notice] [pid 9072:tid 612] AH00455: Apache/2.4.18 (Win32) OpenSSL/1.0.2f PHP/5.6.18 configured -- resuming normal operations
[Mon Oct 05 07:25:52.099792 2020] [mpm_winnt:notice] [pid 9072:tid 612] AH00456: Server built: Jan 28 2016 09:58:25
[Mon Oct 05 07:25:52.099792 2020] [core:notice] [pid 9072:tid 612] AH00094: Command line: 'D:\\WEB\\ks_lab\\db_server\\bin\\apache\\bin\\httpd.exe -d D:/WEB/ks_lab/db_server/bin/apache -f D:\\WEB\\ks_lab\\db_server\\bin\\apache\\conf\\httpd.conf'
[Mon Oct 05 07:25:52.102791 2020] [mpm_winnt:notice] [pid 9072:tid 612] AH00418: Parent: Created child process 9400
[Mon Oct 05 07:25:53.074114 2020] [ssl:warn] [pid 9400:tid 616] AH01906: main-serveur:443:0 server certificate is a CA certificate (BasicConstraints: CA == TRUE !?)
[Mon Oct 05 07:25:53.075113 2020] [ssl:warn] [pid 9400:tid 616] AH01909: main-serveur:443:0 server certificate does NOT include an ID which matches the server name
[Mon Oct 05 07:25:53.301418 2020] [ssl:warn] [pid 9400:tid 616] AH01873: Init: Session Cache is not configured [hint: SSLSessionCache]
[Mon Oct 05 07:25:53.302417 2020] [ssl:warn] [pid 9400:tid 616] AH01906: main-serveur:443:0 server certificate is a CA certificate (BasicConstraints: CA == TRUE !?)
[Mon Oct 05 07:25:53.302417 2020] [ssl:warn] [pid 9400:tid 616] AH01909: main-serveur:443:0 server certificate does NOT include an ID which matches the server name
[Mon Oct 05 07:25:53.333398 2020] [mpm_winnt:notice] [pid 9400:tid 616] AH00354: Child: Starting 64 worker threads.
